<?xml version="1.0" encoding="UTF-8"?>
<testsuite xmlns:xsi="http://www.w3.org/2001/XMLSchema-instance" xsi:noNamespaceSchemaLocation="https://maven.apache.org/surefire/maven-surefire-plugin/xsd/surefire-test-report-3.0.xsd" version="3.0" name="com.cal.CalculatorTest" time="0.081" tests="2" errors="0" skipped="0" failures="0">
  <properties>
[...]
</properties>
  <testcase name="addTestV1" classname="com.cal.CalculatorTest" time="0.036">
    <system-out><![CDATA[beofre any test case
i run in dev env
]]></system-out>
  </testcase>
  <testcase name="addTestV2" classname="com.cal.CalculatorTest" time="0.006">
    <system-out><![CDATA[i run in test env
]]></system-out>
  </testcase>
</testsuite>